hello : -1
int : -1
identifier : 1
~ : -1
identifier : 2
; : -1
int : -1
identifier : 3
` : -1
const : 4
` : -1
; : -1
int : -1
identifier : 5
; : -1
for : -1
( : -1
const : 6
... : -1
identifier : 7
... : -1
identifier : 8
<~ : -1
( : -1
identifier : 9
identifier : 10
) : -1
) : -1
; : -1
{ : -1
identifier : 11
: : -1
identifier : 12
~ : -1
identifier : 13
; : -1
} : -1
identifier : 14
identifier : 15
~ : -1
const : 16
; : -1
const : 17
... : -1
identifier : 18
... : -1
identifier : 19
; : -1
{ : -1
identifier : 20
~ : -1
identifier : 21
+ : -1
identifier : 22
: : -1
identifier : 23
; : -1
} : -1
scream : -1
~ : -1
identifier : 24
; : -1
acum : -1
; : -1
bye : -1
~ : -1
const : 25
; : -1
